# JRE version: OpenJDK Runtime Environment (21.0.5) (build 21.0.5+-12932927-b750.29)
# Java VM: OpenJDK 64-Bit Server VM (21.0.5+-12932927-b750.29, mixed mode, tiered, compressed oops, compressed class ptrs, g1 gc, windows-amd64)
GC Precious Log:
 CardTable entry size: 512
 Card Set container configuration: InlinePtr #cards 5 size 8 Array Of Cards #cards 12 size 40 Howl #buckets 4 coarsen threshold 1843 Howl Bitmap #cards 512 size 80 coarsen threshold 460 Card regions per heap region 1 cards per card region 2048
 CPUs: 4 total, 4 available
 Memory: 16225M
 Large Page Support: Disabled
 NUMA Support: Disabled
 Compressed Oops: Enabled (32-bit)
 Heap Region Size: 1M
 Heap Min Capacity: 8M
 Heap Initial Capacity: 254M
 Heap Max Capacity: 2G
 Pre-touch: Disabled
 Parallel Workers: 4
 Concurrent Workers: 1
 Concurrent Refinement Workers: 4
 Periodic GC: Disabled
Heap:
 garbage-first heap   total 163840K, used 126725K [0x0000000080000000, 0x0000000100000000)
  region size 1024K, 37 young (37888K), 7 survivors (7168K)
 Metaspace       used 104826K, committed 107008K, reserved 1179648K
  class space    used 14432K, committed 15552K, reserved 1048576K
GC Heap History (20 events):
Event: 59.348 GC heap before
{Heap before GC invocations=37 (full 0):
 garbage-first heap   total 121856K, used 83186K [0x0000000080000000, 0x0000000100000000)
  region size 1024K, 8 young (8192K), 5 survivors (5120K)
 Metaspace       used 77428K, committed 79296K, reserved 1179648K
  class space    used 10425K, committed 11392K, reserved 1048576K
}
Event: 59.357 GC heap after
{Heap after GC invocations=38 (full 0):
 garbage-first heap   total 121856K, used 82795K [0x0000000080000000, 0x0000000100000000)
  region size 1024K, 2 young (2048K), 2 survivors (2048K)
 Metaspace       used 77428K, committed 79296K, reserved 1179648K
  class space    used 10425K, committed 11392K, reserved 1048576K
}
Event: 60.384 GC heap before
{Heap before GC invocations=39 (full 0):
 garbage-first heap   total 137216K, used 105323K [0x0000000080000000, 0x0000000100000000)
  region size 1024K, 26 young (26624K), 2 survivors (2048K)
 Metaspace       used 79294K, committed 81152K, reserved 1179648K
  class space    used 10679K, committed 11648K, reserved 1048576K
}
Event: 60.391 GC heap after
{Heap after GC invocations=40 (full 0):
 garbage-first heap   total 137216K, used 81465K [0x0000000080000000, 0x0000000100000000)
  region size 1024K, 2 young (2048K), 2 survivors (2048K)
 Metaspace       used 79294K, committed 81152K, reserved 1179648K
  class space    used 10679K, committed 11648K, reserved 1048576K
}
Event: 62.516 GC heap before
{Heap before GC invocations=40 (full 0):
 garbage-first heap   total 137216K, used 118329K [0x0000000080000000, 0x0000000100000000)
  region size 1024K, 39 young (39936K), 2 survivors (2048K)
 Metaspace       used 82507K, committed 84416K, reserved 1179648K
  class space    used 11083K, committed 12032K, reserved 1048576K
}
Event: 62.524 GC heap after
{Heap after GC invocations=41 (full 0):
 garbage-first heap   total 137216K, used 81162K [0x0000000080000000, 0x0000000100000000)
  region size 1024K, 4 young (4096K), 4 survivors (4096K)
 Metaspace       used 82507K, committed 84416K, reserved 1179648K
  class space    used 11083K, committed 12032K, reserved 1048576K
}
Event: 64.700 GC heap before
{Heap before GC invocations=41 (full 0):
 garbage-first heap   total 137216K, used 121098K [0x0000000080000000, 0x0000000100000000)
  region size 1024K, 43 young (44032K), 4 survivors (4096K)
 Metaspace       used 86561K, committed 88448K, reserved 1179648K
  class space    used 11612K, committed 12544K, reserved 1048576K
}
Event: 64.714 GC heap after
{Heap after GC invocations=42 (full 0):
 garbage-first heap   total 137216K, used 83313K [0x0000000080000000, 0x0000000100000000)
  region size 1024K, 5 young (5120K), 5 survivors (5120K)
 Metaspace       used 86561K, committed 88448K, reserved 1179648K
  class space    used 11612K, committed 12544K, reserved 1048576K
}
Event: 67.216 GC heap before
{Heap before GC invocations=43 (full 0):
 garbage-first heap   total 140288K, used 126321K [0x0000000080000000, 0x0000000100000000)
  region size 1024K, 44 young (45056K), 5 survivors (5120K)
 Metaspace       used 89205K, committed 91136K, reserved 1179648K
  class space    used 11995K, committed 12928K, reserved 1048576K
}
Event: 67.237 GC heap after
{Heap after GC invocations=44 (full 0):
 garbage-first heap   total 140288K, used 88622K [0x0000000080000000, 0x0000000100000000)
  region size 1024K, 5 young (5120K), 5 survivors (5120K)
 Metaspace       used 89205K, committed 91136K, reserved 1179648K
  class space    used 11995K, committed 12928K, reserved 1048576K
}
Event: 68.357 GC heap before
{Heap before GC invocations=44 (full 0):
 garbage-first heap   total 140288K, used 125486K [0x0000000080000000, 0x0000000100000000)
  region size 1024K, 41 young (41984K), 5 survivors (5120K)
 Metaspace       used 90704K, committed 92672K, reserved 1179648K
  class space    used 12179K, committed 13120K, reserved 1048576K
}
Event: 68.373 GC heap after
{Heap after GC invocations=45 (full 0):
 garbage-first heap   total 140288K, used 91910K [0x0000000080000000, 0x0000000100000000)
  region size 1024K, 6 young (6144K), 6 survivors (6144K)
 Metaspace       used 90704K, committed 92672K, reserved 1179648K
  class space    used 12179K, committed 13120K, reserved 1048576K
}
Event: 69.453 GC heap before
{Heap before GC invocations=45 (full 0):
 garbage-first heap   total 140288K, used 111366K [0x0000000080000000, 0x0000000100000000)
  region size 1024K, 26 young (26624K), 6 survivors (6144K)
 Metaspace       used 92172K, committed 94144K, reserved 1179648K
  class space    used 12396K, committed 13376K, reserved 1048576K
}
Event: 69.468 GC heap after
{Heap after GC invocations=46 (full 0):
 garbage-first heap   total 140288K, used 93036K [0x0000000080000000, 0x0000000100000000)
  region size 1024K, 2 young (2048K), 2 survivors (2048K)
 Metaspace       used 92172K, committed 94144K, reserved 1179648K
  class space    used 12396K, committed 13376K, reserved 1048576K
}
Event: 71.324 GC heap before
{Heap before GC invocations=47 (full 0):
 garbage-first heap   total 158720K, used 128876K [0x0000000080000000, 0x0000000100000000)
  region size 1024K, 36 young (36864K), 2 survivors (2048K)
 Metaspace       used 94948K, committed 97024K, reserved 1179648K
  class space    used 12881K, committed 13952K, reserved 1048576K
}
Event: 71.330 GC heap after
{Heap after GC invocations=48 (full 0):
 garbage-first heap   total 158720K, used 93515K [0x0000000080000000, 0x0000000100000000)
  region size 1024K, 2 young (2048K), 2 survivors (2048K)
 Metaspace       used 94948K, committed 97024K, reserved 1179648K
  class space    used 12881K, committed 13952K, reserved 1048576K
}
Event: 73.944 GC heap before
{Heap before GC invocations=48 (full 0):
 garbage-first heap   total 158720K, used 145739K [0x0000000080000000, 0x0000000100000000)
  region size 1024K, 53 young (54272K), 2 survivors (2048K)
 Metaspace       used 98822K, committed 100992K, reserved 1179648K
  class space    used 13491K, committed 14592K, reserved 1048576K
}
Event: 73.954 GC heap after
{Heap after GC invocations=49 (full 0):
 garbage-first heap   total 158720K, used 93944K [0x0000000080000000, 0x0000000100000000)
  region size 1024K, 5 young (5120K), 5 survivors (5120K)
 Metaspace       used 98822K, committed 100992K, reserved 1179648K
  class space    used 13491K, committed 14592K, reserved 1048576K
}
Event: 75.523 GC heap before
{Heap before GC invocations=49 (full 0):
 garbage-first heap   total 158720K, used 143096K [0x0000000080000000, 0x0000000100000000)
  region size 1024K, 53 young (54272K), 5 survivors (5120K)
 Metaspace       used 102631K, committed 104832K, reserved 1179648K
  class space    used 14041K, committed 15168K, reserved 1048576K
}
Event: 75.538 GC heap after
{Heap after GC invocations=50 (full 0):
 garbage-first heap   total 158720K, used 97029K [0x0000000080000000, 0x0000000100000000)
  region size 1024K, 7 young (7168K), 7 survivors (7168K)
 Metaspace       used 102631K, committed 104832K, reserved 1179648K
  class space    used 14041K, committed 15168K, reserved 1048576K
}

